c:\users\ybental\appdata\local\microsoft\windows\wer\reportarchive\appcrash_cl.exe_9a288b2aecebcd4838c2b611edbd7dfb0aad4_04bc4bc3\report.wer
c:\users\ybental\appdata\local\microsoft\windows\wer\reportarchive\appcrash_cl.exe_9a288b2aecebcd4838c2b611edbd7dfb0aad4_2e247b1d\report.wer
c:\users\ybental\appdata\local\microsoft\windows\wer\reportarchive\appcrash_cl.exe_9a288b2aecebcd4838c2b611edbd7dfb0aad4_0df8c630\report.wer
c:\users\ybental\appdata\local\microsoft\windows\wer\reportarchive\appcrash_cl.exe_9a288b2aecebcd4838c2b611edbd7dfb0aad4_3f19234d\report.wer
c:\users\ybental\appdata\local\microsoft\windows\wer\reportarchive\appcrash_cl.exe_9a288b2aecebcd4838c2b611edbd7dfb0aad4_2ed9c7b6\report.wer
c:\users\ybental\appdata\local\microsoft\windows\wer\reportarchive\appcrash_cl.exe_9a288b2aecebcd4838c2b611edbd7dfb0aad4_0b8655d1\report.wer
c:\users\ybental\appdata\local\microsoft\windows\wer\reportarchive\appcrash_cl.exe_9a288b2aecebcd4838c2b611edbd7dfb0aad4_337e86ff\report.wer
c:\users\ybental\documents\visual studio 2013\projects\amp5\amp5\debug\amp5.pch
c:\users\ybental\documents\visual studio 2013\projects\amp5\amp5\debug\vc120.pdb
c:\users\ybental\documents\visual studio 2013\projects\amp5\amp5\debug\vc120.idb
c:\users\ybental\documents\visual studio 2013\projects\amp5\amp5\debug\stdafx.obj
c:\users\ybental\documents\visual studio 2013\projects\amp5\amp5\debug\engine.obj
c:\users\ybental\documents\visual studio 2013\projects\amp5\amp5\debug\amp5.obj
c:\users\ybental\desktop\amp5\amp5\debug\amp5.pch
c:\users\ybental\desktop\amp5\amp5\debug\vc120.pdb
c:\users\ybental\desktop\amp5\amp5\debug\vc120.idb
c:\users\ybental\desktop\amp5\amp5\debug\stdafx.obj
c:\users\ybental\desktop\amp5\amp5\debug\amp5.obj
c:\users\ybental\desktop\amp5\amp5\debug\engine.obj
c:\users\ybental\documents\visual studio 2013\projects\amp5\debug\amp5.ilk
c:\users\ybental\documents\visual studio 2013\projects\amp5\debug\amp5.exe
c:\users\ybental\documents\visual studio 2013\projects\amp5\debug\amp5.pdb
c:\users\ybental\desktop\amp5\debug\amp5.ilk
c:\users\ybental\desktop\amp5\debug\amp5.exe
c:\users\ybental\desktop\amp5\debug\amp5.pdb
c:\users\ybental\desktop\amp5\amp5\debug\msxml3.tli
c:\users\ybental\desktop\amp5\amp5\debug\msxml6.tli
c:\users\ybental\desktop\amp5\amp5\debug\msxml3.tlh
c:\users\ybental\desktop\amp5\amp5\debug\msxml6.tlh
c:\users\ybental\desktop\amp5\amp5\debug\amp5.tlog\cl-dw20-dwwin.read.2.tlog
c:\users\ybental\desktop\amp5\amp5\debug\amp5.tlog\cl-dw20-dwwin.read.4.tlog
c:\users\ybental\desktop\amp5\amp5\debug\amp5.tlog\cl-dw20-dwwin.write.2.tlog
c:\users\ybental\desktop\amp5\amp5\debug\amp5.tlog\cl-dw20.read.1.tlog
c:\users\ybental\desktop\amp5\amp5\debug\amp5.tlog\cl.command.1.tlog
c:\users\ybental\desktop\amp5\amp5\debug\amp5.tlog\cl.read.1.tlog
c:\users\ybental\desktop\amp5\amp5\debug\amp5.tlog\cl.read.2.tlog
c:\users\ybental\desktop\amp5\amp5\debug\amp5.tlog\cl.read.3.tlog
c:\users\ybental\desktop\amp5\amp5\debug\amp5.tlog\cl.read.4.tlog
c:\users\ybental\desktop\amp5\amp5\debug\amp5.tlog\cl.read.5.tlog
c:\users\ybental\desktop\amp5\amp5\debug\amp5.tlog\cl.write.1.tlog
c:\users\ybental\desktop\amp5\amp5\debug\amp5.tlog\cl.write.2.tlog
c:\users\ybental\desktop\amp5\amp5\debug\amp5.tlog\cl.write.3.tlog
c:\users\ybental\desktop\amp5\amp5\debug\amp5.tlog\cl.write.4.tlog
c:\users\ybental\desktop\amp5\amp5\debug\amp5.tlog\cl.write.5.tlog
c:\users\ybental\desktop\amp5\amp5\debug\amp5.tlog\link.command.1.tlog
c:\users\ybental\desktop\amp5\amp5\debug\amp5.tlog\link.read.1.tlog
c:\users\ybental\desktop\amp5\amp5\debug\amp5.tlog\link.write.1.tlog
